<?xml version="1.0" encoding="UTF-8"?>
<!-- Generated by org.testng.reporters.JUnitReportReporter -->
<testsuite hostname="LAPTOP-VTJRF8KI" failures="0" tests="1" name="com.base.ClassTestRun" time="0.015" errors="0" timestamp="2021-05-09T16:41:15 IST" skipped="0">
  <testcase classname="com.base.ClassTestRun" name="MavenTestRun" time="0.015"/>
  <system-out/>
</testsuite> <!-- com.base.ClassTestRun -->
