<?xml version="1.0" encoding="UTF-8"?>
<!-- Generated by org.testng.reporters.JUnitReportReporter -->
<testsuite hostname="LAPTOP-VTJRF8KI" failures="0" tests="1" name="com.project.com.RunTestJenkins.AppTest" time="0.011" errors="0" timestamp="2021-10-04T22:38:41 IST" skipped="0">
  <testcase classname="com.project.com.RunTestJenkins.AppTest" name="shouldAnswerWithTrue" time="0.011"/>
  <system-out/>
</testsuite> <!-- com.project.com.RunTestJenkins.AppTest -->
